
=== Tue Mar 26 15:06:14 2024

Packages were changed.
Update Mode: updateDependencies

The following packages were updated:
  com.unity.render-pipelines.universal from version 14.0.8 to 14.0.10

=== Tue Mar 26 21:24:36 2024

Packages were changed.
Update Mode: updateDependencies

The following packages were updated:
  com.unity.postprocessing from version 3.2.2 to 3.4.0

=== Tue Mar 26 21:24:36 2024

Packages were changed.
Update Mode: mergeDefaultDependencies

The following packages were added:
  com.unity.postprocessing@3.4.0

=== Thu Jul 25 15:44:56 2024

Packages were changed.
Update Mode: updateDependencies

The following packages were updated:
  com.unity.burst from version 1.8.4 to 1.8.12
  com.unity.inputsystem from version 1.5.1 to 1.7.0
  com.unity.render-pipelines.core from version 14.0.7 to 14.0.10
  com.unity.render-pipelines.universal from version 14.0.7 to 14.0.10
  com.unity.shadergraph from version 14.0.7 to 14.0.10

=== Thu Jul 25 15:44:56 2024

Packages were changed.
Update Mode: mergeDefaultDependencies

The following packages were added:
  com.unity.burst@1.8.12
  com.unity.cinemachine@2.9.7
  com.unity.ext.nunit@1.0.6
  com.unity.inputsystem@1.7.0
  com.unity.mathematics@1.2.6
  com.unity.render-pipelines.core@14.0.10
  com.unity.searcher@4.9.2
  com.unity.shadergraph@14.0.10
  com.unity.modules.subsystems@1.0.0
